生成启动时间为 2015/6/29 19:04:36。
     1>项目“C:\Users\Infertom-PC\Documents\Visual Studio 2010\Projects\data_structure_2\data_structure_2\data_structure_2.vcxproj”在节点 2 上(build 个目标)。
     1>InitializeBuildStatus:
         正在对“Debug\data_structure_2.unsuccessfulbuild”执行 Touch 任务。
       ClCompile:
         D:\Microsoft Visual Studio 10.0\VC\bin\CL.exe /c /ZI /nologo /W3 /WX- /Od /Oy- /D WIN32 /D _DEBUG /D _CONSOLE /D _UNICODE /D UNICODE /Gm /EHsc /RTC1 /MDd /GS /fp:precise /Zc:wchar_t /Zc:forScope /Fo"Debug\\" /Fd"Debug\vc100.pdb" /Gd /TP /analyze- /errorReport:prompt RailSystem.cpp main.cpp
         main.cpp
         RailSystem.cpp
         正在生成代码...
       ManifestResourceCompile:
         所有输出均为最新。
       Link:
         D:\Microsoft Visual Studio 10.0\VC\bin\link.exe /ERRORREPORT:PROMPT /OUT:"C:\Users\Infertom-PC\Documents\Visual Studio 2010\Projects\data_structure_2\Debug\data_structure_2.exe" /INCREMENTAL /NOLOGO kernel32.lib user32.lib gdi32.lib winspool.lib comdlg32.lib advapi32.lib shell32.lib ole32.lib oleaut32.lib uuid.lib odbc32.lib odbccp32.lib /MANIFEST /ManifestFile:"Debug\data_structure_2.exe.intermediate.manifest" /MANIFESTUAC:"level='asInvoker' uiAccess='false'" /DEBUG /PDB:"C:\Users\Infertom-PC\Documents\Visual Studio 2010\Projects\data_structure_2\Debug\data_structure_2.pdb" /SUBSYSTEM:CONSOLE /TLBID:1 /DYNAMICBASE /NXCOMPAT /IMPLIB:"C:\Users\Infertom-PC\Documents\Visual Studio 2010\Projects\data_structure_2\Debug\data_structure_2.lib" /MACHINE:X86 Debug\data_structure_2.exe.embed.manifest.res
         Debug\main.obj
         Debug\RailSystem.obj
       Manifest:
         C:\Program Files (x86)\Microsoft SDKs\Windows\v7.0A\bin\mt.exe /nologo /verbose /out:"Debug\data_structure_2.exe.embed.manifest" /manifest Debug\data_structure_2.exe.intermediate.manifest
         所有输出均为最新。
       LinkEmbedManifest:
         所有输出均为最新。
         data_structure_2.vcxproj -> C:\Users\Infertom-PC\Documents\Visual Studio 2010\Projects\data_structure_2\Debug\data_structure_2.exe
       FinalizeBuildStatus:
         正在删除文件“Debug\data_structure_2.unsuccessfulbuild”。
         正在对“Debug\data_structure_2.lastbuildstate”执行 Touch 任务。
     1>已完成生成项目“C:\Users\Infertom-PC\Documents\Visual Studio 2010\Projects\data_structure_2\data_structure_2\data_structure_2.vcxproj”(build 个目标)的操作。

生成成功。

已用时间 00:00:02.73
